[I 08:54:49.369 NotebookApp] Serving notebooks from local directory: /usr/people/kluther/seungmount/research/kluther/kyleluther.github.io/code
[I 08:54:49.369 NotebookApp] 0 active kernels 
[I 08:54:49.369 NotebookApp] The Jupyter Notebook is running at: http://localhost:7007/?token=4432bad9bde509b59b8cabcec6b2ab37b285f58b94f074d3
[I 08:54:49.369 NotebookApp] Use Control-C to stop this server and shut down all kernels (twice to skip confirmation).
[W 08:54:49.369 NotebookApp] No web browser found: could not locate runnable browser.
[C 08:54:49.370 NotebookApp] 
    
    Copy/paste this URL into your browser when you connect for the first time,
    to login with a token:
        http://localhost:7007/?token=4432bad9bde509b59b8cabcec6b2ab37b285f58b94f074d3
[I 08:57:03.725 NotebookApp] 302 GET /?token=4432bad9bde509b59b8cabcec6b2ab37b285f58b94f074d3 (127.0.0.1) 1.23ms
[I 08:57:16.648 NotebookApp] 302 GET /?token=4432bad9bde509b59b8cabcec6b2ab37b285f58b94f074d3 (127.0.0.1) 0.90ms
[W 08:58:19.147 NotebookApp] Notebook qualitative_preactivations.ipynb is not trusted
[I 08:58:19.603 NotebookApp] Kernel started: 57b6769f-b517-4c0c-bf59-40f2a642cc4c
[W 08:58:23.989 NotebookApp] delete /hist_widths.png
[W 08:58:24.011 NotebookApp] delete /relu_distribution2.pdf
[I 09:00:19.580 NotebookApp] Saving file at /qualitative_preactivations.ipynb
[W 09:00:19.581 NotebookApp] Saving untrusted notebook qualitative_preactivations.ipynb
[I 09:04:19.570 NotebookApp] Saving file at /qualitative_preactivations.ipynb
[W 09:04:19.571 NotebookApp] Saving untrusted notebook qualitative_preactivations.ipynb
[I 09:06:20.891 NotebookApp] Saving file at /qualitative_preactivations.ipynb
[W 09:06:20.892 NotebookApp] Saving untrusted notebook qualitative_preactivations.ipynb
[I 09:09:18.203 NotebookApp] Saving file at /qualitative_preactivations.ipynb
[I 09:31:24.992 NotebookApp] Saving file at /qualitative_preactivations.ipynb
[I 09:31:25.052 NotebookApp] Saving file at /qualitative_preactivations.ipynb
[I 09:31:25.106 NotebookApp] Saving file at /qualitative_preactivations.ipynb
[I 09:37:40.693 NotebookApp] Saving file at /qualitative_preactivations.ipynb
[I 09:37:40.747 NotebookApp] Saving file at /qualitative_preactivations.ipynb
[I 09:37:40.799 NotebookApp] Saving file at /qualitative_preactivations.ipynb
[I 09:37:40.850 NotebookApp] Saving file at /qualitative_preactivations.ipynb
[I 09:37:43.016 NotebookApp] Saving file at /qualitative_preactivations.ipynb
[I 09:37:43.068 NotebookApp] Saving file at /qualitative_preactivations.ipynb
[I 09:37:43.129 NotebookApp] Saving file at /qualitative_preactivations.ipynb
[I 09:37:43.186 NotebookApp] Saving file at /qualitative_preactivations.ipynb
[I 09:37:43.235 NotebookApp] Saving file at /qualitative_preactivations.ipynb
[I 09:37:45.355 NotebookApp] Saving file at /qualitative_preactivations.ipynb
[I 09:37:45.413 NotebookApp] Saving file at /qualitative_preactivations.ipynb
[I 09:37:45.475 NotebookApp] Saving file at /qualitative_preactivations.ipynb
[I 09:37:45.533 NotebookApp] Saving file at /qualitative_preactivations.ipynb
[I 09:37:45.586 NotebookApp] Saving file at /qualitative_preactivations.ipynb
[I 09:37:45.637 NotebookApp] Saving file at /qualitative_preactivations.ipynb
[I 09:37:47.594 NotebookApp] Saving file at /qualitative_preactivations.ipynb
[I 09:37:47.650 NotebookApp] Saving file at /qualitative_preactivations.ipynb
[I 09:37:47.709 NotebookApp] Saving file at /qualitative_preactivations.ipynb
[I 09:37:47.770 NotebookApp] Saving file at /qualitative_preactivations.ipynb
[I 09:37:47.836 NotebookApp] Saving file at /qualitative_preactivations.ipynb
[I 09:37:47.887 NotebookApp] Saving file at /qualitative_preactivations.ipynb
[I 09:37:47.970 NotebookApp] Saving file at /qualitative_preactivations.ipynb
[I 09:37:49.883 NotebookApp] Saving file at /qualitative_preactivations.ipynb
[I 09:37:49.938 NotebookApp] Saving file at /qualitative_preactivations.ipynb
[I 09:37:49.993 NotebookApp] Saving file at /qualitative_preactivations.ipynb
[I 09:37:50.052 NotebookApp] Saving file at /qualitative_preactivations.ipynb
[I 09:37:50.111 NotebookApp] Saving file at /qualitative_preactivations.ipynb
[I 09:37:50.172 NotebookApp] Saving file at /qualitative_preactivations.ipynb
[I 09:37:50.224 NotebookApp] Saving file at /qualitative_preactivations.ipynb
[I 09:37:50.286 NotebookApp] Saving file at /qualitative_preactivations.ipynb
[I 09:38:12.204 NotebookApp] Saving file at /qualitative_preactivations.ipynb
[I 09:38:12.262 NotebookApp] Saving file at /qualitative_preactivations.ipynb
[I 09:38:12.313 NotebookApp] Saving file at /qualitative_preactivations.ipynb
[I 09:38:12.370 NotebookApp] Saving file at /qualitative_preactivations.ipynb
[I 09:38:12.431 NotebookApp] Saving file at /qualitative_preactivations.ipynb
[I 09:38:12.489 NotebookApp] Saving file at /qualitative_preactivations.ipynb
[I 09:38:12.563 NotebookApp] Saving file at /qualitative_preactivations.ipynb
[I 09:38:12.637 NotebookApp] Saving file at /qualitative_preactivations.ipynb
[I 09:38:12.695 NotebookApp] Saving file at /qualitative_preactivations.ipynb
[I 09:38:14.052 NotebookApp] Saving file at /qualitative_preactivations.ipynb
[I 09:38:14.108 NotebookApp] Saving file at /qualitative_preactivations.ipynb
[I 09:38:14.159 NotebookApp] Saving file at /qualitative_preactivations.ipynb
[I 09:38:14.212 NotebookApp] Saving file at /qualitative_preactivations.ipynb
[I 09:38:14.275 NotebookApp] Saving file at /qualitative_preactivations.ipynb
[I 09:38:14.337 NotebookApp] Saving file at /qualitative_preactivations.ipynb
[I 09:38:14.396 NotebookApp] Saving file at /qualitative_preactivations.ipynb
[I 09:38:14.460 NotebookApp] Saving file at /qualitative_preactivations.ipynb
[I 09:38:14.524 NotebookApp] Saving file at /qualitative_preactivations.ipynb
[I 09:38:14.582 NotebookApp] Saving file at /qualitative_preactivations.ipynb
[I 09:38:16.162 NotebookApp] Saving file at /qualitative_preactivations.ipynb
[I 09:38:16.224 NotebookApp] Saving file at /qualitative_preactivations.ipynb
[I 09:38:16.286 NotebookApp] Saving file at /qualitative_preactivations.ipynb
[I 09:38:16.340 NotebookApp] Saving file at /qualitative_preactivations.ipynb
[I 09:38:16.391 NotebookApp] Saving file at /qualitative_preactivations.ipynb
[I 09:38:16.451 NotebookApp] Saving file at /qualitative_preactivations.ipynb
[I 09:38:16.518 NotebookApp] Saving file at /qualitative_preactivations.ipynb
[I 09:38:16.579 NotebookApp] Saving file at /qualitative_preactivations.ipynb
[I 09:38:16.643 NotebookApp] Saving file at /qualitative_preactivations.ipynb
[I 09:38:16.702 NotebookApp] Saving file at /qualitative_preactivations.ipynb
[I 09:38:16.761 NotebookApp] Saving file at /qualitative_preactivations.ipynb
[I 09:38:41.021 NotebookApp] Saving file at /qualitative_preactivations.ipynb
[I 09:38:41.080 NotebookApp] Saving file at /qualitative_preactivations.ipynb
[I 09:38:41.140 NotebookApp] Saving file at /qualitative_preactivations.ipynb
[I 09:38:41.202 NotebookApp] Saving file at /qualitative_preactivations.ipynb
[I 09:38:41.259 NotebookApp] Saving file at /qualitative_preactivations.ipynb
[I 09:38:41.313 NotebookApp] Saving file at /qualitative_preactivations.ipynb
[I 09:38:41.387 NotebookApp] Saving file at /qualitative_preactivations.ipynb
[I 09:38:41.451 NotebookApp] Saving file at /qualitative_preactivations.ipynb
[I 09:38:41.512 NotebookApp] Saving file at /qualitative_preactivations.ipynb
[I 09:38:41.572 NotebookApp] Saving file at /qualitative_preactivations.ipynb
[I 09:38:41.635 NotebookApp] Saving file at /qualitative_preactivations.ipynb
[I 09:38:41.698 NotebookApp] Saving file at /qualitative_preactivations.ipynb
[I 09:38:43.249 NotebookApp] Saving file at /qualitative_preactivations.ipynb
[I 09:38:43.304 NotebookApp] Saving file at /qualitative_preactivations.ipynb
[I 09:38:43.367 NotebookApp] Saving file at /qualitative_preactivations.ipynb
[I 09:38:43.430 NotebookApp] Saving file at /qualitative_preactivations.ipynb
[I 09:38:43.491 NotebookApp] Saving file at /qualitative_preactivations.ipynb
[I 09:38:43.542 NotebookApp] Saving file at /qualitative_preactivations.ipynb
[I 09:38:43.593 NotebookApp] Saving file at /qualitative_preactivations.ipynb
[I 09:38:43.655 NotebookApp] Saving file at /qualitative_preactivations.ipynb
[I 09:38:43.718 NotebookApp] Saving file at /qualitative_preactivations.ipynb
[I 09:38:43.777 NotebookApp] Saving file at /qualitative_preactivations.ipynb
[I 09:38:43.838 NotebookApp] Saving file at /qualitative_preactivations.ipynb
[I 09:38:43.899 NotebookApp] Saving file at /qualitative_preactivations.ipynb
[I 09:38:43.976 NotebookApp] Saving file at /qualitative_preactivations.ipynb
[I 09:40:10.780 NotebookApp] Saving file at /qualitative_preactivations.ipynb
[I 09:40:10.837 NotebookApp] Saving file at /qualitative_preactivations.ipynb
[I 09:40:10.887 NotebookApp] Saving file at /qualitative_preactivations.ipynb
[I 09:40:10.948 NotebookApp] Saving file at /qualitative_preactivations.ipynb
[I 09:40:11.012 NotebookApp] Saving file at /qualitative_preactivations.ipynb
[I 09:40:11.077 NotebookApp] Saving file at /qualitative_preactivations.ipynb
[I 09:40:11.147 NotebookApp] Saving file at /qualitative_preactivations.ipynb
[I 09:40:11.208 NotebookApp] Saving file at /qualitative_preactivations.ipynb
[I 09:40:11.270 NotebookApp] Saving file at /qualitative_preactivations.ipynb
[I 09:40:11.333 NotebookApp] Saving file at /qualitative_preactivations.ipynb
[I 09:40:11.393 NotebookApp] Saving file at /qualitative_preactivations.ipynb
[I 09:40:11.454 NotebookApp] Saving file at /qualitative_preactivations.ipynb
[I 09:40:11.516 NotebookApp] Saving file at /qualitative_preactivations.ipynb
[I 09:40:11.591 NotebookApp] Saving file at /qualitative_preactivations.ipynb
[I 09:52:32.253 NotebookApp] Saving file at /qualitative_preactivations.ipynb
[I 09:52:32.311 NotebookApp] Saving file at /qualitative_preactivations.ipynb
[I 09:52:32.363 NotebookApp] Saving file at /qualitative_preactivations.ipynb
[I 09:52:32.416 NotebookApp] Saving file at /qualitative_preactivations.ipynb
[I 09:52:32.474 NotebookApp] Saving file at /qualitative_preactivations.ipynb
[I 09:52:32.534 NotebookApp] Saving file at /qualitative_preactivations.ipynb
[I 09:52:32.598 NotebookApp] Saving file at /qualitative_preactivations.ipynb
[I 09:52:32.659 NotebookApp] Saving file at /qualitative_preactivations.ipynb
[I 09:52:32.727 NotebookApp] Saving file at /qualitative_preactivations.ipynb
[I 09:52:32.787 NotebookApp] Saving file at /qualitative_preactivations.ipynb
[I 09:52:32.846 NotebookApp] Saving file at /qualitative_preactivations.ipynb
[I 09:52:32.905 NotebookApp] Saving file at /qualitative_preactivations.ipynb
[I 09:52:32.972 NotebookApp] Saving file at /qualitative_preactivations.ipynb
[I 09:52:33.035 NotebookApp] Saving file at /qualitative_preactivations.ipynb
[I 09:52:33.110 NotebookApp] Saving file at /qualitative_preactivations.ipynb
[I 09:58:36.041 NotebookApp] Saving file at /qualitative_preactivations.ipynb
[I 09:58:36.098 NotebookApp] Saving file at /qualitative_preactivations.ipynb
[I 09:58:36.147 NotebookApp] Saving file at /qualitative_preactivations.ipynb
[I 09:58:36.201 NotebookApp] Saving file at /qualitative_preactivations.ipynb
[I 09:58:36.268 NotebookApp] Saving file at /qualitative_preactivations.ipynb
[I 09:58:36.329 NotebookApp] Saving file at /qualitative_preactivations.ipynb
[I 09:58:36.389 NotebookApp] Saving file at /qualitative_preactivations.ipynb
[I 09:58:36.449 NotebookApp] Saving file at /qualitative_preactivations.ipynb
[I 09:58:36.511 NotebookApp] Saving file at /qualitative_preactivations.ipynb
[I 09:58:36.572 NotebookApp] Saving file at /qualitative_preactivations.ipynb
[I 09:58:36.633 NotebookApp] Saving file at /qualitative_preactivations.ipynb
[I 09:58:36.695 NotebookApp] Saving file at /qualitative_preactivations.ipynb
[I 09:58:36.754 NotebookApp] Saving file at /qualitative_preactivations.ipynb
[I 09:58:36.815 NotebookApp] Saving file at /qualitative_preactivations.ipynb
[I 09:58:36.881 NotebookApp] Saving file at /qualitative_preactivations.ipynb
[I 09:58:36.963 NotebookApp] Saving file at /qualitative_preactivations.ipynb
[I 09:58:37.338 NotebookApp] Saving file at /qualitative_preactivations.ipynb
[I 09:58:40.246 NotebookApp] Saving file at /qualitative_preactivations.ipynb
[I 09:58:40.303 NotebookApp] Saving file at /qualitative_preactivations.ipynb
[I 09:58:40.353 NotebookApp] Saving file at /qualitative_preactivations.ipynb
[I 09:58:40.418 NotebookApp] Saving file at /qualitative_preactivations.ipynb
[I 09:58:40.479 NotebookApp] Saving file at /qualitative_preactivations.ipynb
[I 09:58:40.540 NotebookApp] Saving file at /qualitative_preactivations.ipynb
[I 09:58:40.612 NotebookApp] Saving file at /qualitative_preactivations.ipynb
[I 09:58:40.672 NotebookApp] Saving file at /qualitative_preactivations.ipynb
[I 09:58:40.735 NotebookApp] Saving file at /qualitative_preactivations.ipynb
[I 09:58:40.795 NotebookApp] Saving file at /qualitative_preactivations.ipynb
[I 09:58:40.856 NotebookApp] Saving file at /qualitative_preactivations.ipynb
[I 09:58:40.919 NotebookApp] Saving file at /qualitative_preactivations.ipynb
[I 09:58:40.982 NotebookApp] Saving file at /qualitative_preactivations.ipynb
[I 09:58:41.048 NotebookApp] Saving file at /qualitative_preactivations.ipynb
[I 09:58:41.111 NotebookApp] Saving file at /qualitative_preactivations.ipynb
[I 09:58:41.176 NotebookApp] Saving file at /qualitative_preactivations.ipynb
[I 09:58:41.263 NotebookApp] Saving file at /qualitative_preactivations.ipynb
[I 09:58:41.731 NotebookApp] Saving file at /qualitative_preactivations.ipynb
[I 09:58:44.322 NotebookApp] Saving file at /qualitative_preactivations.ipynb
[I 09:58:44.380 NotebookApp] Saving file at /qualitative_preactivations.ipynb
[I 09:58:44.446 NotebookApp] Saving file at /qualitative_preactivations.ipynb
[I 09:58:44.509 NotebookApp] Saving file at /qualitative_preactivations.ipynb
[I 09:58:44.580 NotebookApp] Saving file at /qualitative_preactivations.ipynb
[I 09:58:44.633 NotebookApp] Saving file at /qualitative_preactivations.ipynb
[I 09:58:44.686 NotebookApp] Saving file at /qualitative_preactivations.ipynb
[I 09:58:44.748 NotebookApp] Saving file at /qualitative_preactivations.ipynb
[I 09:58:44.812 NotebookApp] Saving file at /qualitative_preactivations.ipynb
[I 09:58:44.875 NotebookApp] Saving file at /qualitative_preactivations.ipynb
[I 09:58:44.943 NotebookApp] Saving file at /qualitative_preactivations.ipynb
[I 09:58:45.009 NotebookApp] Saving file at /qualitative_preactivations.ipynb
[I 09:58:45.070 NotebookApp] Saving file at /qualitative_preactivations.ipynb
[I 09:58:45.144 NotebookApp] Saving file at /qualitative_preactivations.ipynb
[I 09:58:45.217 NotebookApp] Saving file at /qualitative_preactivations.ipynb
[I 09:58:45.284 NotebookApp] Saving file at /qualitative_preactivations.ipynb
[I 09:58:45.351 NotebookApp] Saving file at /qualitative_preactivations.ipynb
[I 09:58:45.422 NotebookApp] Saving file at /qualitative_preactivations.ipynb
[I 10:32:13.736 NotebookApp] Saving file at /qualitative_preactivations.ipynb
[I 10:32:13.794 NotebookApp] Saving file at /qualitative_preactivations.ipynb
[I 10:32:13.846 NotebookApp] Saving file at /qualitative_preactivations.ipynb
[I 10:32:13.895 NotebookApp] Saving file at /qualitative_preactivations.ipynb
[I 10:32:13.953 NotebookApp] Saving file at /qualitative_preactivations.ipynb
[I 10:32:14.015 NotebookApp] Saving file at /qualitative_preactivations.ipynb
[I 10:32:14.080 NotebookApp] Saving file at /qualitative_preactivations.ipynb
[I 10:32:14.142 NotebookApp] Saving file at /qualitative_preactivations.ipynb
[I 10:32:14.206 NotebookApp] Saving file at /qualitative_preactivations.ipynb
[I 10:32:14.266 NotebookApp] Saving file at /qualitative_preactivations.ipynb
[I 10:32:14.328 NotebookApp] Saving file at /qualitative_preactivations.ipynb
[I 10:32:14.389 NotebookApp] Saving file at /qualitative_preactivations.ipynb
[I 10:32:14.450 NotebookApp] Saving file at /qualitative_preactivations.ipynb
[I 10:32:14.512 NotebookApp] Saving file at /qualitative_preactivations.ipynb
[I 10:32:14.575 NotebookApp] Saving file at /qualitative_preactivations.ipynb
[I 10:32:14.641 NotebookApp] Saving file at /qualitative_preactivations.ipynb
[I 10:32:14.706 NotebookApp] Saving file at /qualitative_preactivations.ipynb
[I 10:32:14.771 NotebookApp] Saving file at /qualitative_preactivations.ipynb
[I 10:32:14.844 NotebookApp] Saving file at /qualitative_preactivations.ipynb
[I 10:32:15.940 NotebookApp] Saving file at /qualitative_preactivations.ipynb
[I 10:32:15.993 NotebookApp] Saving file at /qualitative_preactivations.ipynb
[I 10:32:16.043 NotebookApp] Saving file at /qualitative_preactivations.ipynb
[I 10:32:16.108 NotebookApp] Saving file at /qualitative_preactivations.ipynb
[I 10:32:16.169 NotebookApp] Saving file at /qualitative_preactivations.ipynb
[I 10:32:16.231 NotebookApp] Saving file at /qualitative_preactivations.ipynb
[I 10:32:16.292 NotebookApp] Saving file at /qualitative_preactivations.ipynb
[I 10:32:16.356 NotebookApp] Saving file at /qualitative_preactivations.ipynb
[I 10:32:16.419 NotebookApp] Saving file at /qualitative_preactivations.ipynb
[I 10:32:16.480 NotebookApp] Saving file at /qualitative_preactivations.ipynb
[I 10:32:16.540 NotebookApp] Saving file at /qualitative_preactivations.ipynb
[I 10:32:16.601 NotebookApp] Saving file at /qualitative_preactivations.ipynb
[I 10:32:16.660 NotebookApp] Saving file at /qualitative_preactivations.ipynb
[I 10:32:16.722 NotebookApp] Saving file at /qualitative_preactivations.ipynb
[I 10:32:16.786 NotebookApp] Saving file at /qualitative_preactivations.ipynb
[I 10:32:16.849 NotebookApp] Saving file at /qualitative_preactivations.ipynb
[I 10:32:16.913 NotebookApp] Saving file at /qualitative_preactivations.ipynb
[I 10:32:16.979 NotebookApp] Saving file at /qualitative_preactivations.ipynb
[I 10:32:17.049 NotebookApp] Saving file at /qualitative_preactivations.ipynb
[I 10:32:17.113 NotebookApp] Saving file at /qualitative_preactivations.ipynb
[I 10:32:17.240 NotebookApp] Saving file at /qualitative_preactivations.ipynb
[I 16:27:58.605 NotebookApp] KernelRestarter: restarting kernel (1/5)
